<?xml version="1.0" encoding="UTF-8"?>
<!-- Generated by org.testng.reporters.JUnitXMLReporter -->
<testsuite ignored="0" hostname="LAPTOP-Q2STVJ3V" failures="0" tests="1" name="Default test" time="0.052" errors="0" timestamp="2020-04-19T22:33:02 IST">
  <testcase classname="testcase.LibertyWebPage" name="@BeforeClass createAndStartService" time="0.016">
    <failure type="java.lang.IllegalStateException" message="The driver executable does not exist: C:\chromedriver.exe">
      <![CDATA[java.lang.IllegalStateException: The driver executable does not exist: C:\chromedriver.exe
at com.google.common.base.Preconditions.checkState(Preconditions.java:585)
at org.openqa.selenium.remote.service.DriverService.checkExecutable(DriverService.java:137)
at org.openqa.selenium.remote.service.DriverService$Builder.usingDriverExecutable(DriverService.java:272)
at testcase.LibertyWebPage.createAndStartService(LibertyWebPage.java:29)
at java.base/jdk.internal.reflect.NativeMethodAccessorImpl.invoke0(Native Method)
at java.base/jdk.internal.reflect.NativeMethodAccessorImpl.invoke(NativeMethodAccessorImpl.java:62)
at java.base/jdk.internal.reflect.DelegatingMethodAccessorImpl.invoke(DelegatingMethodAccessorImpl.java:43)
at java.base/java.lang.reflect.Method.invoke(Method.java:567)
at org.testng.internal.MethodInvocationHelper.invokeMethod(MethodInvocationHelper.java:134)
at org.testng.internal.MethodInvocationHelper.invokeMethodConsideringTimeout(MethodInvocationHelper.java:63)
at org.testng.internal.ConfigInvoker.invokeConfigurationMethod(ConfigInvoker.java:348)
at org.testng.internal.ConfigInvoker.invokeConfigurations(ConfigInvoker.java:302)
at org.testng.internal.TestMethodWorker.invokeBeforeClassMethods(TestMethodWorker.java:176)
at org.testng.internal.TestMethodWorker.run(TestMethodWorker.java:122)
at java.base/java.util.ArrayList.forEach(ArrayList.java:1507)
at org.testng.TestRunner.privateRun(TestRunner.java:766)
at org.testng.TestRunner.run(TestRunner.java:587)
at org.testng.SuiteRunner.runTest(SuiteRunner.java:384)
at org.testng.SuiteRunner.runSequentially(SuiteRunner.java:378)
at org.testng.SuiteRunner.privateRun(SuiteRunner.java:337)
at org.testng.SuiteRunner.run(SuiteRunner.java:286)
at org.testng.SuiteRunnerWorker.runSuite(SuiteRunnerWorker.java:53)
at org.testng.SuiteRunnerWorker.run(SuiteRunnerWorker.java:96)
at org.testng.TestNG.runSuitesSequentially(TestNG.java:1187)
at org.testng.TestNG.runSuitesLocally(TestNG.java:1109)
at org.testng.TestNG.runSuites(TestNG.java:1039)
at org.testng.TestNG.run(TestNG.java:1007)
at org.testng.remote.AbstractRemoteTestNG.run(AbstractRemoteTestNG.java:115)
at org.testng.remote.RemoteTestNG.initAndRun(RemoteTestNG.java:251)
at org.testng.remote.RemoteTestNG.main(RemoteTestNG.java:77)
]]>
    </failure>
  </testcase> <!-- @BeforeClass createAndStartService -->
  <testcase classname="testcase.LibertyWebPage" name="@BeforeMethod createDriver" time="-1.587315782413E9">
    <skipped/>
  </testcase> <!-- @BeforeMethod createDriver -->
  <testcase classname="testcase.LibertyWebPage" name="@AfterMethod createAndStopService" time="-1.587315782418E9">
    <skipped/>
  </testcase> <!-- @AfterMethod createAndStopService -->
  <testcase classname="testcase.LibertyWebPage" name="@AfterClass quitDriver" time="-1.58731578242E9">
    <skipped/>
  </testcase> <!-- @AfterClass quitDriver -->
  <testcase classname="testcase.LibertyWebPage" name="testGoogleSearch" time="0.0">
    <skipped/>
  </testcase> <!-- testGoogleSearch -->
</testsuite> <!-- Default test -->
