<?xml version="1.0" encoding="UTF-8"?>
<testng-results ignored="0" total="1" passed="1" failed="0" skipped="0">
  <reporter-output>
  </reporter-output>
  <suite started-at="2020-04-17T03:54:19Z" name="Suite" finished-at="2020-04-17T03:54:36Z" duration-ms="17289">
    <groups>
    </groups>
    <test started-at="2020-04-17T03:54:19Z" name="Test" finished-at="2020-04-17T03:54:36Z" duration-ms="17289">
      <class name="testcase.Flipkart">
        <test-method signature="execute()[pri:0, instance:testcase.Flipkart@4e718207]" started-at="2020-04-17T03:54:19Z" name="execute" finished-at="2020-04-17T03:54:36Z" duration-ms="17270" status="PASS">
          <reporter-output>
          </reporter-output>
        </test-method> <!-- execute -->
      </class> <!-- testcase.Flipkart -->
    </test> <!-- Test -->
  </suite> <!-- Suite -->
</testng-results>
