<?xml version="1.0" encoding="UTF-8"?>
<testng-results ignored="0" total="1" passed="1" failed="0" skipped="0">
  <reporter-output>
  </reporter-output>
  <suite started-at="2020-04-19T14:51:33 IST" name="Default suite" finished-at="2020-04-19T14:51:43 IST" duration-ms="9594">
    <groups>
    </groups>
    <test started-at="2020-04-19T14:51:33 IST" name="Default test" finished-at="2020-04-19T14:51:43 IST" duration-ms="9594">
      <class name="testcase.LibertyWebPage">
        <test-method signature="execute()[pri:0, instance:testcase.LibertyWebPage@2a4fb17b]" started-at="2020-04-19T14:51:33 IST" name="execute" finished-at="2020-04-19T14:51:43 IST" duration-ms="9567" status="PASS">
          <reporter-output>
          </reporter-output>
        </test-method> <!-- execute -->
      </class> <!-- testcase.LibertyWebPage -->
    </test> <!-- Default test -->
  </suite> <!-- Default suite -->
</testng-results>
