<?xml version="1.0" encoding="UTF-8"?>
<testng-results ignored="0" total="1" passed="1" failed="0" skipped="0">
  <reporter-output>
  </reporter-output>
  <suite started-at="2020-04-19T22:58:10 IST" name="Default suite" finished-at="2020-04-19T22:58:25 IST" duration-ms="14883">
    <groups>
    </groups>
    <test started-at="2020-04-19T22:58:10 IST" name="Default test" finished-at="2020-04-19T22:58:25 IST" duration-ms="14883">
      <class name="testcase.LibertyWebPage">
        <test-method signature="testBrowser()[pri:0, instance:testcase.LibertyWebPage@4445629]" started-at="2020-04-19T22:58:10 IST" name="testBrowser" finished-at="2020-04-19T22:58:25 IST" duration-ms="14845" status="PASS">
          <reporter-output>
          </reporter-output>
        </test-method> <!-- testBrowser -->
      </class> <!-- testcase.LibertyWebPage -->
    </test> <!-- Default test -->
  </suite> <!-- Default suite -->
</testng-results>
